[debug] [2024-02-02T22:14:32.626Z] ----------------------------------------------------------------------
[debug] [2024-02-02T22:14:32.629Z] Command:       C:\Program Files\nodejs\node.exe C:\Users\Walter\AppData\Roaming\npm\node_modules\firebase-tools\lib\bin\firebase.js init
[debug] [2024-02-02T22:14:32.630Z] CLI Version:   13.1.0
[debug] [2024-02-02T22:14:32.630Z] Platform:      win32
[debug] [2024-02-02T22:14:32.631Z] Node Version:  v18.16.0
[debug] [2024-02-02T22:14:32.632Z] Time:          Sat Feb 03 2024 01:14:32 GMT+0300 (East Africa Time)
[debug] [2024-02-02T22:14:32.632Z] ----------------------------------------------------------------------
[debug] 
[debug] [2024-02-02T22:14:32.641Z] > command requires scopes: ["email","openid","https://www.googleapis.com/auth/cloudplatformprojects.readonly","https://www.googleapis.com/auth/firebase","https://www.googleapis.com/auth/cloud-platform"]
[debug] [2024-02-02T22:14:32.642Z] > authorizing via signed-in user (thecoder609@gmail.com)
[info] 
     ######## #### ########  ######## ########     ###     ######  ########
     ##        ##  ##     ## ##       ##     ##  ##   ##  ##       ##
     ######    ##  ########  ######   ########  #########  ######  ######
     ##        ##  ##    ##  ##       ##     ## ##     ##       ## ##
     ##       #### ##     ## ######## ########  ##     ##  ######  ########

You're about to initialize a Firebase project in this directory:

  C:\Users\Walter\Desktop\React With Pedro\episode2

[info] 
=== Project Setup
[info] 
[info] First, let's associate this project directory with a Firebase project.
[info] You can create multiple project aliases by running firebase use --add, 
[info] but for now we'll just set up a default project.
[info] 
[debug] [2024-02-02T22:17:16.046Z] >>> [apiv2][query] GET https://firebase.googleapis.com/v1beta1/projects pageSize=100
[debug] [2024-02-02T22:17:17.262Z] <<< [apiv2][status] GET https://firebase.googleapis.com/v1beta1/projects 200
[debug] [2024-02-02T22:17:17.262Z] <<< [apiv2][body] GET https://firebase.googleapis.com/v1beta1/projects [omitted]
[info] i  Using project walker-ecd9a (walker) 
[info] 
=== Hosting Setup
[debug] [2024-02-02T22:17:54.761Z] >>> [apiv2][query] GET https://firebase.googleapis.com/v1beta1/projects/walker-ecd9a [none]
[debug] [2024-02-02T22:17:55.441Z] <<< [apiv2][status] GET https://firebase.googleapis.com/v1beta1/projects/walker-ecd9a 200
[debug] [2024-02-02T22:17:55.442Z] <<< [apiv2][body] GET https://firebase.googleapis.com/v1beta1/projects/walker-ecd9a {"projectId":"walker-ecd9a","projectNumber":"35475814414","displayName":"walker","name":"projects/walker-ecd9a","resources":{"hostingSite":"walker-ecd9a"},"state":"ACTIVE","etag":"1_8aff35bd-00af-4785-9a31-d41584d9ad86"}
[info] 
[info] Your public directory is the folder (relative to your project directory) that
[info] will contain Hosting assets to be uploaded with firebase deploy. If you
[info] have a build process for your assets, use your build's output directory.
[info] 
[info] +  Wrote public/404.html 
[debug] [2024-02-02T22:20:43.675Z] >>> [apiv2][query] GET https://www.gstatic.com/firebasejs/releases.json [none]
[debug] [2024-02-02T22:20:44.455Z] <<< [apiv2][status] GET https://www.gstatic.com/firebasejs/releases.json 200
[debug] [2024-02-02T22:20:44.456Z] <<< [apiv2][body] GET https://www.gstatic.com/firebasejs/releases.json {"current":{"version":"10.8.0","browserURL":"https://www.gstatic.com/firebasejs/10.8.0/firebase.js","packageURL":"https://www.gstatic.com/firebasejs/10.8.0/firebase.tgz"},"live":{"version":"10.8","browserURL":"https://www.gstatic.com/firebasejs/live/10.8/firebase.js","packageURL":"https://www.gstatic.com/firebasejs/live/10.8/firebase.tgz"},"components":{"analytics":"https://www.gstatic.com/firebasejs/10.8.0/firebase-analytics.js","app":"https://www.gstatic.com/firebasejs/10.8.0/firebase-app.js","app-check":"https://www.gstatic.com/firebasejs/10.8.0/firebase-app-check.js","auth":"https://www.gstatic.com/firebasejs/10.8.0/firebase-auth.js","auth/cordova":"https://www.gstatic.com/firebasejs/10.8.0/firebase-auth/cordova.js","auth/web-extension":"https://www.gstatic.com/firebasejs/10.8.0/firebase-auth/web-extension.js","functions":"https://www.gstatic.com/firebasejs/10.8.0/firebase-functions.js","firestore":"https://www.gstatic.com/firebasejs/10.8.0/firebase-firestore.js","firestore/lite":"https://www.gstatic.com/firebasejs/10.8.0/firebase-firestore/lite.js","installations":"https://www.gstatic.com/firebasejs/10.8.0/firebase-installations.js","storage":"https://www.gstatic.com/firebasejs/10.8.0/firebase-storage.js","performance":"https://www.gstatic.com/firebasejs/10.8.0/firebase-performance.js","remote-config":"https://www.gstatic.com/firebasejs/10.8.0/firebase-remote-config.js","messaging":"https://www.gstatic.com/firebasejs/10.8.0/firebase-messaging.js","messaging/sw":"https://www.gstatic.com/firebasejs/10.8.0/firebase-messaging/sw.js","database":"https://www.gstatic.com/firebasejs/10.8.0/firebase-database.js","firestore.memory":"https://www.gstatic.com/firebasejs/10.8.0/firebase-firestore.memory.js"}}
[info] i  Skipping write of public/index.html 
[info] 
[info] i  Detected a .git folder at C:\Users\Walter\Desktop\React With Pedro\episode2 
[info] i  Authorizing with GitHub to upload your service account to a GitHub repository's secrets store. 
[info] 
[info] Visit this URL on this device to log in:
[info] https://github.com/login/oauth/authorize?client_id=89cf50f02ac6aaed3484&state=811980236&redirect_uri=http%3A%2F%2Flocalhost%3A9005&scope=read%3Auser%20repo%20public_repo
[info] 
[info] Waiting for authentication...
[debug] [2024-02-02T22:23:14.594Z] >>> [apiv2][query] POST https://github.com/login/oauth/access_token [none]
[debug] [2024-02-02T22:23:14.595Z] >>> [apiv2][body] POST https://github.com/login/oauth/access_token [stream]
[debug] [2024-02-02T22:23:15.404Z] <<< [apiv2][status] POST https://github.com/login/oauth/access_token 200
[debug] [2024-02-02T22:23:15.405Z] <<< [apiv2][body] POST https://github.com/login/oauth/access_token {"access_token":"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","token_type":"bearer","scope":"read:user,repo"}
[debug] [2024-02-02T22:23:15.429Z] >>> [apiv2][query] GET https://api.github.com/user [none]
[debug] [2024-02-02T22:23:16.289Z] <<< [apiv2][status] GET https://api.github.com/user 200
[debug] [2024-02-02T22:23:16.289Z] <<< [apiv2][body] GET https://api.github.com/user {"login":"ivanwalker524","id":85131087,"node_id":"MDQ6VXNlcjg1MTMxMDg3","avatar_url":"https://avatars.githubusercontent.com/u/85131087?v=4","gravatar_id":"","url":"https://api.github.com/users/ivanwalker524","html_url":"https://github.com/ivanwalker524","followers_url":"https://api.github.com/users/ivanwalker524/followers","following_url":"https://api.github.com/users/ivanwalker524/following{/other_user}","gists_url":"https://api.github.com/users/ivanwalker524/gists{/gist_id}","starred_url":"https://api.github.com/users/ivanwalker524/starred{/owner}{/repo}","subscriptions_url":"https://api.github.com/users/ivanwalker524/subscriptions","organizations_url":"https://api.github.com/users/ivanwalker524/orgs","repos_url":"https://api.github.com/users/ivanwalker524/repos","events_url":"https://api.github.com/users/ivanwalker524/events{/privacy}","received_events_url":"https://api.github.com/users/ivanwalker524/received_events","type":"User","site_admin":false,"name":"IvanWalker524","company":null,"blog":"","location":null,"email":null,"hireable":null,"bio":null,"twitter_username":null,"public_repos":37,"public_gists":0,"followers":5,"following":15,"created_at":"2021-05-31T18:39:01Z","updated_at":"2024-02-03T09:12:21Z","private_gists":0,"total_private_repos":6,"owned_private_repos":1,"disk_usage":47074,"collaborators":3,"two_factor_authentication":false,"plan":{"name":"free","space":976562499,"collaborators":0,"private_repos":10000}}
[info] 
[info] +  Success! Logged into GitHub as ivanwalker524 
[info] 
